2023-04-27 16:51:43,776 - gtray - INFO - main > UI
2023-04-27 16:51:43,777 - gtray - INFO - preparando...
2023-04-27 16:51:43,778 - gtray - INFO - carregando icones
2023-04-27 16:51:43,861 - gtray - INFO - preparando menu
2023-04-27 16:51:43,863 - gtray - INFO - mostrando UI
2023-04-27 16:51:43,866 - gtray - INFO - pausando a aplicação
2023-04-27 16:51:43,867 - gtray - INFO - saindo da aplicação
2023-04-27 16:53:40,958 - gtray - INFO - main > UI
2023-04-27 16:53:40,958 - gtray - INFO - preparando...
2023-04-27 16:53:40,958 - gtray - INFO - carregando icones
2023-04-27 16:53:40,973 - gtray - INFO - preparando menu
2023-04-27 16:53:40,973 - gtray - INFO - mostrando UI
2023-04-27 16:53:40,973 - gtray - INFO - pausando a aplicação
2023-04-27 16:53:40,973 - gtray - INFO - saindo da aplicação
2023-04-27 16:53:52,625 - gtray - INFO - main > UI
2023-04-27 16:53:52,625 - gtray - INFO - preparando...
2023-04-27 16:53:52,625 - gtray - INFO - carregando icones
2023-04-27 16:53:52,640 - gtray - INFO - preparando menu
2023-04-27 16:53:52,640 - gtray - INFO - mostrando UI
2023-04-27 16:53:52,640 - gtray - INFO - pausando a aplicação
2023-04-27 16:53:52,640 - gtray - INFO - saindo da aplicação
2023-04-27 16:54:12,298 - gtray - INFO - main > UI
2023-04-27 16:54:12,298 - gtray - INFO - preparando...
2023-04-27 16:54:12,298 - gtray - INFO - carregando icones
2023-04-27 16:54:12,298 - gtray - INFO - preparando menu
2023-04-27 16:54:12,298 - gtray - INFO - mostrando UI
2023-04-27 16:54:12,298 - gtray - INFO - pausando a aplicação
2023-04-27 16:54:12,298 - gtray - INFO - saindo da aplicação
2023-04-27 17:02:10,676 - gtray - INFO - main > UI
2023-04-27 17:02:10,692 - gtray - INFO - preparando...
2023-04-27 17:02:10,692 - gtray - INFO - carregando icones
2023-04-27 17:02:10,692 - gtray - INFO - preparando menu
2023-04-27 17:02:10,692 - gtray - INFO - mostrando UI
2023-04-27 17:02:10,708 - gtray - INFO - pausando a aplicação
2023-04-27 17:02:10,708 - gtray - INFO - saindo da aplicação
2023-04-27 17:04:20,540 - gtray - INFO - main > UI
2023-04-27 17:04:20,540 - gtray - INFO - preparando...
2023-04-27 17:04:20,540 - gtray - INFO - carregando icones
2023-04-27 17:04:20,556 - gtray - INFO - preparando menu
2023-04-27 17:04:20,562 - gtray - INFO - mostrando UI
2023-04-27 17:04:20,562 - gtray - INFO - pausando a aplicação
2023-04-27 17:04:20,562 - gtray - INFO - saindo da aplicação
2023-04-27 17:05:07,532 - gtray - INFO - main > UI
2023-04-27 17:05:07,532 - gtray - INFO - preparando...
2023-04-27 17:05:07,532 - gtray - INFO - carregando icones
2023-04-27 17:05:07,548 - gtray - INFO - preparando menu
2023-04-27 17:05:07,548 - gtray - INFO - mostrando UI
2023-04-27 17:05:07,548 - gtray - INFO - pausando a aplicação
2023-04-27 17:05:07,548 - gtray - INFO - saindo da aplicação
2023-04-27 17:08:31,549 - gtray - INFO - main > UI
2023-04-27 17:08:31,549 - gtray - INFO - preparando...
2023-04-27 17:08:31,549 - gtray - INFO - carregando icones
2023-04-27 17:08:31,564 - gtray - INFO - preparando menu
2023-04-27 17:08:31,564 - gtray - INFO - mostrando UI
2023-04-27 17:08:31,595 - gtray - INFO - pausando a aplicação
2023-04-27 17:08:31,595 - gtray - INFO - saindo da aplicação
2023-04-27 17:08:39,022 - gtray - INFO - main > UI
2023-04-27 17:08:39,022 - gtray - INFO - preparando...
2023-04-27 17:08:39,022 - gtray - INFO - carregando icones
2023-04-27 17:08:39,029 - gtray - INFO - preparando menu
2023-04-27 17:08:39,029 - gtray - INFO - mostrando UI
2023-04-27 17:08:39,029 - gtray - INFO - pausando a aplicação
2023-04-27 17:08:39,029 - gtray - INFO - saindo da aplicação
2023-04-27 17:08:48,499 - gtray - INFO - main > UI
2023-04-27 17:08:48,499 - gtray - INFO - preparando...
2023-04-27 17:08:48,499 - gtray - INFO - carregando icones
2023-04-27 17:08:48,515 - gtray - INFO - preparando menu
2023-04-27 17:08:48,515 - gtray - INFO - mostrando UI
2023-04-27 17:08:48,515 - gtray - INFO - pausando a aplicação
2023-04-27 17:08:48,515 - gtray - INFO - saindo da aplicação
2023-04-27 17:09:06,575 - gtray - INFO - main > UI
2023-04-27 17:09:06,575 - gtray - INFO - preparando...
2023-04-27 17:09:06,576 - gtray - INFO - carregando icones
2023-04-27 17:09:06,576 - gtray - INFO - preparando menu
2023-04-27 17:09:06,576 - gtray - INFO - mostrando UI
2023-04-27 17:09:06,576 - gtray - INFO - pausando a aplicação
2023-04-27 17:09:06,576 - gtray - INFO - saindo da aplicação
2023-04-27 17:09:13,452 - gtray - INFO - main > UI
2023-04-27 17:09:13,453 - gtray - INFO - preparando...
2023-04-27 17:09:13,453 - gtray - INFO - carregando icones
2023-04-27 17:09:13,465 - gtray - INFO - preparando menu
2023-04-27 17:09:13,466 - gtray - INFO - mostrando UI
2023-04-27 17:09:13,492 - gtray - INFO - pausando a aplicação
2023-04-27 17:09:13,492 - gtray - INFO - saindo da aplicação
2023-04-27 17:09:58,266 - gtray - INFO - main > UI
2023-04-27 17:09:58,266 - gtray - INFO - preparando...
2023-04-27 17:09:58,266 - gtray - INFO - carregando icones
2023-04-27 17:09:58,281 - gtray - INFO - preparando menu
2023-04-27 17:09:58,281 - gtray - INFO - mostrando UI
2023-04-27 17:09:58,303 - gtray - INFO - pausando a aplicação
2023-04-27 17:09:58,303 - gtray - INFO - saindo da aplicação
2023-04-27 17:10:12,590 - gtray - INFO - main > UI
2023-04-27 17:10:12,590 - gtray - INFO - preparando...
2023-04-27 17:10:12,590 - gtray - INFO - carregando icones
2023-04-27 17:10:12,590 - gtray - INFO - preparando menu
2023-04-27 17:10:12,590 - gtray - INFO - mostrando UI
2023-04-27 17:10:12,590 - gtray - INFO - pausando a aplicação
2023-04-27 17:10:12,590 - gtray - INFO - saindo da aplicação
2023-04-27 17:11:53,996 - gtray - INFO - main > UI
2023-04-27 17:11:53,996 - gtray - INFO - preparando...
2023-04-27 17:11:53,996 - gtray - INFO - carregando icones
2023-04-27 17:11:54,002 - gtray - INFO - preparando menu
2023-04-27 17:11:54,002 - gtray - INFO - mostrando UI
2023-04-27 17:11:54,033 - gtray - INFO - pausando a aplicação
2023-04-27 17:11:54,033 - gtray - INFO - saindo da aplicação
2023-04-27 17:12:01,532 - gtray - INFO - main > UI
2023-04-27 17:12:01,532 - gtray - INFO - preparando...
2023-04-27 17:12:01,532 - gtray - INFO - carregando icones
2023-04-27 17:12:01,548 - gtray - INFO - preparando menu
2023-04-27 17:12:01,548 - gtray - INFO - mostrando UI
2023-04-27 17:12:01,548 - gtray - INFO - pausando a aplicação
2023-04-27 17:12:01,548 - gtray - INFO - saindo da aplicação
2023-04-27 17:12:11,515 - gtray - INFO - main > UI
2023-04-27 17:12:11,515 - gtray - INFO - preparando...
2023-04-27 17:12:11,515 - gtray - INFO - carregando icones
2023-04-27 17:12:11,531 - gtray - INFO - preparando menu
2023-04-27 17:12:11,531 - gtray - INFO - mostrando UI
2023-04-27 17:12:11,547 - gtray - INFO - pausando a aplicação
2023-04-27 17:12:11,547 - gtray - INFO - saindo da aplicação
2023-04-27 17:13:47,907 - gtray - INFO - main > UI
2023-04-27 17:13:47,907 - gtray - INFO - preparando...
2023-04-27 17:13:47,907 - gtray - INFO - carregando icones
2023-04-27 17:13:47,922 - gtray - INFO - preparando menu
2023-04-27 17:13:47,922 - gtray - INFO - mostrando UI
2023-04-27 17:13:47,938 - gtray - INFO - pausando a aplicação
2023-04-27 17:13:47,938 - gtray - INFO - saindo da aplicação
2023-04-27 17:13:55,020 - gtray - INFO - main > UI
2023-04-27 17:13:55,020 - gtray - INFO - preparando...
2023-04-27 17:13:55,020 - gtray - INFO - carregando icones
2023-04-27 17:13:55,032 - gtray - INFO - preparando menu
2023-04-27 17:13:55,033 - gtray - INFO - mostrando UI
2023-04-27 17:13:55,063 - gtray - INFO - pausando a aplicação
2023-04-27 17:13:55,064 - gtray - INFO - saindo da aplicação
2023-04-27 17:15:56,173 - gtray - INFO - main > UI
2023-04-27 17:15:56,173 - gtray - INFO - preparando...
2023-04-27 17:15:56,173 - gtray - INFO - carregando icones
2023-04-27 17:15:56,173 - gtray - INFO - preparando menu
2023-04-27 17:15:56,173 - gtray - INFO - mostrando UI
2023-04-27 17:15:56,188 - gtray - INFO - pausando a aplicação
2023-04-27 17:15:56,188 - gtray - INFO - saindo da aplicação
2023-04-27 17:16:07,867 - gtray - INFO - main > UI
2023-04-27 17:16:07,867 - gtray - INFO - preparando...
2023-04-27 17:16:07,867 - gtray - INFO - carregando icones
2023-04-27 17:16:07,882 - gtray - INFO - preparando menu
2023-04-27 17:16:07,882 - gtray - INFO - mostrando UI
2023-04-27 17:16:07,882 - gtray - INFO - pausando a aplicação
2023-04-27 17:16:07,882 - gtray - INFO - saindo da aplicação
2023-04-27 17:22:37,633 - gtray - INFO - main > UI
2023-04-27 17:22:37,633 - gtray - INFO - preparando...
2023-04-27 17:22:37,633 - gtray - INFO - carregando icones
2023-04-27 17:22:37,649 - gtray - INFO - preparando menu
2023-04-27 17:22:37,649 - gtray - INFO - mostrando UI
2023-04-27 17:22:37,671 - gtray - INFO - pausando a aplicação
2023-04-27 17:22:37,671 - gtray - INFO - saindo da aplicação
2023-04-27 17:22:46,197 - gtray - INFO - main > UI
2023-04-27 17:22:46,197 - gtray - INFO - preparando...
2023-04-27 17:22:46,197 - gtray - INFO - carregando icones
2023-04-27 17:22:46,212 - gtray - INFO - preparando menu
2023-04-27 17:22:46,212 - gtray - INFO - mostrando UI
2023-04-27 17:22:46,244 - gtray - INFO - pausando a aplicação
2023-04-27 17:22:46,244 - gtray - INFO - saindo da aplicação
2023-04-27 17:22:52,563 - gtray - INFO - main > UI
2023-04-27 17:22:52,563 - gtray - INFO - preparando...
2023-04-27 17:22:52,563 - gtray - INFO - carregando icones
2023-04-27 17:22:52,578 - gtray - INFO - preparando menu
2023-04-27 17:22:52,578 - gtray - INFO - mostrando UI
2023-04-27 17:22:52,594 - gtray - INFO - pausando a aplicação
2023-04-27 17:22:52,594 - gtray - INFO - saindo da aplicação
2023-04-27 17:29:52,021 - gtray - INFO - main > UI
2023-04-27 17:29:52,021 - gtray - INFO - preparando...
2023-04-27 17:29:52,021 - gtray - INFO - carregando icones
2023-04-27 17:29:52,021 - gtray - INFO - preparando menu
2023-04-27 17:29:52,021 - gtray - INFO - mostrando UI
2023-04-27 17:29:52,021 - gtray - INFO - pausando a aplicação
2023-04-27 17:29:52,021 - gtray - INFO - saindo da aplicação
2023-04-27 17:31:05,827 - gtray - INFO - main > UI
2023-04-27 17:31:05,827 - gtray - INFO - preparando...
2023-04-27 17:31:05,827 - gtray - INFO - carregando icones
2023-04-27 17:31:05,842 - gtray - INFO - preparando menu
2023-04-27 17:31:05,842 - gtray - INFO - mostrando UI
2023-04-27 17:31:05,858 - gtray - INFO - pausando a aplicação
2023-04-27 17:31:05,858 - gtray - INFO - saindo da aplicação
2023-04-27 17:31:18,976 - gtray - INFO - main > UI
2023-04-27 17:31:18,976 - gtray - INFO - preparando...
2023-04-27 17:31:18,976 - gtray - INFO - carregando icones
2023-04-27 17:31:18,992 - gtray - INFO - preparando menu
2023-04-27 17:31:18,992 - gtray - INFO - mostrando UI
2023-04-27 17:31:19,011 - gtray - INFO - pausando a aplicação
2023-04-27 17:31:19,011 - gtray - INFO - saindo da aplicação
2023-04-27 17:31:25,115 - gtray - INFO - main > UI
2023-04-27 17:31:25,115 - gtray - INFO - preparando...
2023-04-27 17:31:25,115 - gtray - INFO - carregando icones
2023-04-27 17:31:25,115 - gtray - INFO - preparando menu
2023-04-27 17:31:25,115 - gtray - INFO - mostrando UI
2023-04-27 17:31:25,130 - gtray - INFO - pausando a aplicação
2023-04-27 17:31:25,130 - gtray - INFO - saindo da aplicação
2023-04-27 17:47:10,261 - gtray - INFO - main > UI
2023-04-27 17:47:10,261 - gtray - INFO - preparando...
2023-04-27 17:47:10,261 - gtray - INFO - carregando icones
2023-04-27 17:47:10,277 - gtray - INFO - preparando menu
2023-04-27 17:47:10,277 - gtray - INFO - mostrando UI
2023-04-27 17:47:10,315 - gtray - INFO - pausando a aplicação
2023-04-27 17:47:10,315 - gtray - INFO - saindo da aplicação
2023-04-27 17:47:42,029 - gtray - INFO - main > UI
2023-04-27 17:47:42,029 - gtray - INFO - preparando...
2023-04-27 17:47:42,029 - gtray - INFO - carregando icones
2023-04-27 17:47:42,045 - gtray - INFO - preparando menu
2023-04-27 17:47:42,045 - gtray - INFO - mostrando UI
2023-04-27 17:47:42,045 - gtray - INFO - pausando a aplicação
2023-04-27 17:47:42,045 - gtray - INFO - saindo da aplicação
