2023-04-27 16:51:43,776 - gtray - INFO - main > UI
2023-04-27 16:51:43,777 - gtray - INFO - preparando...
2023-04-27 16:51:43,778 - gtray - INFO - carregando icones
2023-04-27 16:51:43,861 - gtray - INFO - preparando menu
2023-04-27 16:51:43,863 - gtray - INFO - mostrando UI
2023-04-27 16:51:43,866 - gtray - INFO - pausando a aplicação
2023-04-27 16:51:43,867 - gtray - INFO - saindo da aplicação
2023-04-27 16:59:32,350 - gtray - INFO - main > UI
2023-04-27 16:59:32,352 - gtray - INFO - preparando...
2023-04-27 16:59:32,353 - gtray - INFO - carregando icones
2023-04-27 16:59:32,415 - gtray - INFO - preparando menu
2023-04-27 16:59:32,417 - gtray - INFO - mostrando UI
2023-04-27 16:59:32,420 - gtray - INFO - pausando a aplicação
2023-04-27 16:59:32,421 - gtray - INFO - saindo da aplicação
2023-04-27 17:00:14,567 - gtray - INFO - main > UI
2023-04-27 17:00:14,568 - gtray - INFO - preparando...
2023-04-27 17:00:14,569 - gtray - INFO - carregando icones
2023-04-27 17:00:14,584 - gtray - INFO - preparando menu
2023-04-27 17:00:14,584 - gtray - INFO - mostrando UI
2023-04-27 17:00:14,599 - gtray - INFO - pausando a aplicação
2023-04-27 17:00:14,599 - gtray - INFO - saindo da aplicação
2023-04-27 17:01:51,057 - gtray - INFO - main > UI
2023-04-27 17:01:51,059 - gtray - INFO - preparando...
2023-04-27 17:01:51,059 - gtray - INFO - carregando icones
2023-04-27 17:01:51,113 - gtray - INFO - preparando menu
2023-04-27 17:01:51,114 - gtray - INFO - mostrando UI
2023-04-27 17:01:51,116 - gtray - INFO - pausando a aplicação
2023-04-27 17:01:51,117 - gtray - INFO - saindo da aplicação
2023-04-27 17:02:21,491 - gtray - INFO - main > UI
2023-04-27 17:02:21,501 - gtray - INFO - preparando...
2023-04-27 17:02:21,501 - gtray - INFO - carregando icones
2023-04-27 17:02:21,516 - gtray - INFO - preparando menu
2023-04-27 17:02:21,516 - gtray - INFO - mostrando UI
2023-04-27 17:02:21,516 - gtray - INFO - pausando a aplicação
2023-04-27 17:02:21,516 - gtray - INFO - saindo da aplicação
2023-04-27 17:04:32,368 - gtray - INFO - main > UI
2023-04-27 17:04:32,368 - gtray - INFO - preparando...
2023-04-27 17:04:32,368 - gtray - INFO - carregando icones
2023-04-27 17:04:32,402 - gtray - INFO - preparando menu
2023-04-27 17:04:32,402 - gtray - INFO - mostrando UI
2023-04-27 17:04:32,402 - gtray - INFO - pausando a aplicação
2023-04-27 17:04:32,402 - gtray - INFO - saindo da aplicação
2023-04-27 17:05:17,410 - gtray - INFO - main > UI
2023-04-27 17:05:17,412 - gtray - INFO - preparando...
2023-04-27 17:05:17,412 - gtray - INFO - carregando icones
2023-04-27 17:05:17,458 - gtray - INFO - preparando menu
2023-04-27 17:05:17,459 - gtray - INFO - mostrando UI
2023-04-27 17:05:17,460 - gtray - INFO - pausando a aplicação
2023-04-27 17:05:17,461 - gtray - INFO - saindo da aplicação
2023-04-27 17:10:03,625 - gtray - INFO - main > UI
2023-04-27 17:10:03,627 - gtray - INFO - preparando...
2023-04-27 17:10:03,628 - gtray - INFO - carregando icones
2023-04-27 17:10:03,676 - gtray - INFO - preparando menu
2023-04-27 17:10:03,677 - gtray - INFO - mostrando UI
2023-04-27 17:10:03,679 - gtray - INFO - pausando a aplicação
2023-04-27 17:10:03,680 - gtray - INFO - saindo da aplicação
2023-04-27 17:10:29,946 - gtray - INFO - main > UI
2023-04-27 17:10:29,947 - gtray - INFO - preparando...
2023-04-27 17:10:29,947 - gtray - INFO - carregando icones
2023-04-27 17:10:29,974 - gtray - INFO - preparando menu
2023-04-27 17:10:29,974 - gtray - INFO - mostrando UI
2023-04-27 17:10:29,974 - gtray - INFO - pausando a aplicação
2023-04-27 17:10:29,974 - gtray - INFO - saindo da aplicação
2023-04-27 17:19:52,434 - gtray - INFO - main > UI
2023-04-27 17:19:52,436 - gtray - INFO - preparando...
2023-04-27 17:19:52,438 - gtray - INFO - carregando icones
2023-04-27 17:19:52,491 - gtray - INFO - preparando menu
2023-04-27 17:19:52,503 - gtray - INFO - mostrando UI
2023-04-27 17:19:52,505 - gtray - INFO - pausando a aplicação
2023-04-27 17:19:52,506 - gtray - INFO - saindo da aplicação
2023-04-27 17:20:03,759 - gtray - INFO - main > UI
2023-04-27 17:20:03,761 - gtray - INFO - preparando...
2023-04-27 17:20:03,762 - gtray - INFO - carregando icones
2023-04-27 17:20:03,808 - gtray - INFO - preparando menu
2023-04-27 17:20:03,809 - gtray - INFO - mostrando UI
2023-04-27 17:20:03,811 - gtray - INFO - pausando a aplicação
2023-04-27 17:20:03,811 - gtray - INFO - saindo da aplicação
2023-04-27 17:29:37,623 - gtray - INFO - main > UI
2023-04-27 17:29:37,625 - gtray - INFO - preparando...
2023-04-27 17:29:37,626 - gtray - INFO - carregando icones
2023-04-27 17:29:37,666 - gtray - INFO - preparando menu
2023-04-27 17:29:37,666 - gtray - INFO - mostrando UI
2023-04-27 17:29:37,666 - gtray - INFO - pausando a aplicação
2023-04-27 17:29:37,666 - gtray - INFO - saindo da aplicação
2023-04-27 17:29:59,579 - gtray - INFO - main > UI
2023-04-27 17:29:59,580 - gtray - INFO - preparando...
2023-04-27 17:29:59,580 - gtray - INFO - carregando icones
2023-04-27 17:29:59,613 - gtray - INFO - preparando menu
2023-04-27 17:29:59,615 - gtray - INFO - mostrando UI
2023-04-27 17:29:59,617 - gtray - INFO - pausando a aplicação
2023-04-27 17:29:59,617 - gtray - INFO - saindo da aplicação
2023-04-27 17:36:44,939 - gtray - INFO - main > UI
2023-04-27 17:36:44,941 - gtray - INFO - preparando...
2023-04-27 17:36:44,941 - gtray - INFO - carregando icones
2023-04-27 17:36:44,979 - gtray - INFO - preparando menu
2023-04-27 17:36:44,981 - gtray - INFO - mostrando UI
2023-04-27 17:36:44,984 - gtray - INFO - pausando a aplicação
2023-04-27 17:36:44,984 - gtray - INFO - saindo da aplicação
2023-04-27 17:37:47,012 - gtray - INFO - main > UI
2023-04-27 17:37:47,014 - gtray - INFO - preparando...
2023-04-27 17:37:47,014 - gtray - INFO - carregando icones
2023-04-27 17:37:47,062 - gtray - INFO - preparando menu
2023-04-27 17:37:47,064 - gtray - INFO - mostrando UI
2023-04-27 17:37:47,069 - gtray - INFO - pausando a aplicação
2023-04-27 17:37:47,069 - gtray - INFO - saindo da aplicação
2023-04-27 17:39:12,702 - gtray - INFO - main > UI
2023-04-27 17:39:12,704 - gtray - INFO - preparando...
2023-04-27 17:39:12,705 - gtray - INFO - carregando icones
2023-04-27 17:39:12,751 - gtray - INFO - preparando menu
2023-04-27 17:39:12,753 - gtray - INFO - mostrando UI
2023-04-27 17:39:12,756 - gtray - INFO - pausando a aplicação
2023-04-27 17:39:12,756 - gtray - INFO - saindo da aplicação
2023-04-27 17:40:04,030 - gtray - INFO - main > UI
2023-04-27 17:40:04,032 - gtray - INFO - preparando...
2023-04-27 17:40:04,032 - gtray - INFO - carregando icones
2023-04-27 17:40:04,078 - gtray - INFO - preparando menu
2023-04-27 17:40:04,079 - gtray - INFO - mostrando UI
2023-04-27 17:40:04,081 - gtray - INFO - pausando a aplicação
2023-04-27 17:40:04,081 - gtray - INFO - saindo da aplicação
2023-04-27 17:42:37,090 - gtray - INFO - main > UI
2023-04-27 17:42:37,092 - gtray - INFO - preparando...
2023-04-27 17:42:37,092 - gtray - INFO - carregando icones
2023-04-27 17:42:37,140 - gtray - INFO - preparando menu
2023-04-27 17:42:37,141 - gtray - INFO - mostrando UI
2023-04-27 17:42:37,144 - gtray - INFO - pausando a aplicação
2023-04-27 17:42:37,145 - gtray - INFO - saindo da aplicação
2023-04-27 17:42:59,179 - gtray - INFO - main > UI
2023-04-27 17:42:59,180 - gtray - INFO - preparando...
2023-04-27 17:42:59,181 - gtray - INFO - carregando icones
2023-04-27 17:42:59,223 - gtray - INFO - preparando menu
2023-04-27 17:42:59,225 - gtray - INFO - mostrando UI
2023-04-27 17:42:59,227 - gtray - INFO - pausando a aplicação
2023-04-27 17:42:59,227 - gtray - INFO - saindo da aplicação
2023-04-27 17:44:22,281 - gtray - INFO - main > UI
2023-04-27 17:44:22,283 - gtray - INFO - preparando...
2023-04-27 17:44:22,283 - gtray - INFO - carregando icones
2023-04-27 17:44:22,323 - gtray - INFO - preparando menu
2023-04-27 17:44:22,325 - gtray - INFO - mostrando UI
2023-04-27 17:44:22,328 - gtray - INFO - pausando a aplicação
2023-04-27 17:44:22,329 - gtray - INFO - saindo da aplicação
